Starting Single Run, Sweeps and Corners...

Current time: Tue Jul  6 21:20:19 2021 
Best design point: 1
Design specs: 
	Cascode_Ft	corner	Nominal - 
	Ls	corner	Nominal - 
	Lg	corner	Nominal - 
	Ld1	corner	Nominal - 
	COUT1	corner	Nominal - 
	CMULT2	corner	Nominal - 
	Verification	corner	Nominal - 
	compressionCurves		Error	No
	Input Referred 1dB Compression Point		Error	No
Design parameters: 
	fingers1		35
	fingers2		35
	LG		20p
	LM		390p
	LS1		20p
	vbias		522m
	VPWR		1.2
	COUT1		50f
	CMULT2		500m
	LD		109.7p

Interactive.78
Number of points completed: 1
Number of simulation errors: 2
Interactive.78 completed. 
Current time: Tue Jul  6 21:21:35 2021 
