Starting Single Run, Sweeps and Corners...

Current time: Thu Jun 24 22:37:37 2021 
Best design point: 1
Design specs: 
	Jopt	corner	Nominal - 
	Cascode_Ft	corner	Nominal - 
	Rsopt	corner	Nominal - 
	Ls	corner	Nominal - 
	Lg	corner	Nominal - 
	Verification	corner	Nominal - 
Design parameters: 
	fingers1		35
	fingers2		35
	LD1		110p
	LD2		110p
	fw		1u
	LG		33p
	LM1		1n
	LM2		1n
	LS1		122p
	vbias		522m
	VPWR		1.2

Interactive.25
Number of points completed: 1
Number of simulation errors: 0
Interactive.25 completed. 
Current time: Thu Jun 24 22:38:17 2021 
