Starting Single Run, Sweeps and Corners...

Current time: Thu Jul  8 20:43:12 2021 
Best design point: 1
Design specs: 
	Verification	corner	Nominal - 
	GA dB10		23.74
	Input Referred 1dB Compression Point		-25.02
	Power		-14.14m
Design parameters: 
	LG		38.55p
	LM		231.6p
	LS1		102.8p
	COUT1		50f
	CSERIES		12f
	CSHUNT		7.4f
	LD1		109.7p
	LD2		109.7p
	prf		-40

Interactive.178
Number of points completed: 1
Number of simulation errors: 0
Interactive.178 completed. 
Current time: Thu Jul  8 20:43:56 2021 
