Starting Single Run, Sweeps and Corners...

Current time: Sun Jul  4 14:21:49 2021 
Best design point: 1
Design specs: 
	Verification	corner	Nominal - 
	compressionCurves		Error	No
	Input Referred 1dB Compression Point		Error	No
Design parameters: 
	fingers1		35
	fingers2		35
	LD1		110p
	LD2		110p
	LG		113p
	LM1		1n
	LM2		1n
	LS1		45p
	vbias		522m
	VPWR		1.2
	COUT1		150f
	CMULT2		1

Interactive.48
Number of points completed: 1
Number of simulation errors: 2
Interactive.48 completed. 
Current time: Sun Jul  4 14:22:21 2021 
